<?xml version="1.0" encoding="UTF-8"?>
<testng-results ignored="0" total="2" passed="2" failed="0" skipped="0">
  <reporter-output>
  </reporter-output>
  <suite started-at="2022-11-07T11:31:11 CET" name="User" finished-at="2022-11-07T11:31:27 CET" duration-ms="16056">
    <groups>
    </groups>
    <test started-at="2022-11-07T11:31:11 CET" name="User" finished-at="2022-11-07T11:31:27 CET" duration-ms="16056">
      <class name="com.telran.tests.elements.ButtonsTests">
        <test-method is-config="true" signature="init()[pri:0, instance:com.telran.tests.elements.ButtonsTests@4d6025c5]" started-at="2022-11-07T11:31:11 CET" name="init" finished-at="2022-11-07T11:31:19 CET" duration-ms="7363" status="PASS">
          <reporter-output>
          </reporter-output>
        </test-method> <!-- init -->
        <test-method is-config="true" signature="startTest(java.lang.reflect.Method, [Ljava.lang.Object;)[pri:0, instance:com.telran.tests.elements.ButtonsTests@4d6025c5]" started-at="2022-11-07T11:31:19 CET" name="startTest" finished-at="2022-11-07T11:31:19 CET" duration-ms="7" status="PASS">
          <params>
            <param index="0">
              <value>
                <![CDATA[public void com.telran.tests.elements.ButtonsTests.Test()]]>
              </value>
            </param>
            <param index="1">
              <value>
                <![CDATA[[Ljava.lang.Object;@76075d65]]>
              </value>
            </param>
          </params>
          <reporter-output>
          </reporter-output>
        </test-method> <!-- startTest -->
        <test-method is-config="true" signature="ensurePrecondition()[pri:0, instance:com.telran.tests.elements.ButtonsTests@4d6025c5]" started-at="2022-11-07T11:31:19 CET" name="ensurePrecondition" finished-at="2022-11-07T11:31:19 CET" duration-ms="636" status="PASS">
          <reporter-output>
          </reporter-output>
        </test-method> <!-- ensurePrecondition -->
        <test-method signature="Test()[pri:0, instance:com.telran.tests.elements.ButtonsTests@4d6025c5]" started-at="2022-11-07T11:31:19 CET" name="Test" finished-at="2022-11-07T11:31:20 CET" duration-ms="1252" status="PASS">
          <reporter-output>
          </reporter-output>
        </test-method> <!-- Test -->
        <test-method is-config="true" signature="stopTest(org.testng.ITestResult)[pri:0, instance:com.telran.tests.elements.ButtonsTests@4d6025c5]" started-at="2022-11-07T11:31:20 CET" name="stopTest" finished-at="2022-11-07T11:31:20 CET" duration-ms="1" status="PASS">
          <params>
            <param index="0">
              <value>
                <![CDATA[[TestResult name=Test status=SUCCESS method=ButtonsTests.Test()[pri:0, instance:com.telran.tests.elements.ButtonsTests@4d6025c5] output={null}]]]>
              </value>
            </param>
          </params>
          <reporter-output>
          </reporter-output>
        </test-method> <!-- stopTest -->
        <test-method is-config="true" signature="tearDown()[pri:0, instance:com.telran.tests.elements.ButtonsTests@4d6025c5]" started-at="2022-11-07T11:31:20 CET" name="tearDown" finished-at="2022-11-07T11:31:21 CET" duration-ms="743" status="PASS">
          <reporter-output>
          </reporter-output>
        </test-method> <!-- tearDown -->
        <test-method is-config="true" signature="init()[pri:0, instance:com.telran.tests.elements.ButtonsTests@4d6025c5]" started-at="2022-11-07T11:31:21 CET" name="init" finished-at="2022-11-07T11:31:26 CET" duration-ms="4417" status="PASS">
          <reporter-output>
          </reporter-output>
        </test-method> <!-- init -->
        <test-method is-config="true" signature="ensurePrecondition()[pri:0, instance:com.telran.tests.elements.ButtonsTests@4d6025c5]" started-at="2022-11-07T11:31:26 CET" name="ensurePrecondition" finished-at="2022-11-07T11:31:26 CET" duration-ms="536" status="PASS">
          <reporter-output>
          </reporter-output>
        </test-method> <!-- ensurePrecondition -->
        <test-method is-config="true" signature="startTest(java.lang.reflect.Method, [Ljava.lang.Object;)[pri:0, instance:com.telran.tests.elements.ButtonsTests@4d6025c5]" started-at="2022-11-07T11:31:26 CET" name="startTest" finished-at="2022-11-07T11:31:26 CET" duration-ms="0" status="PASS">
          <params>
            <param index="0">
              <value>
                <![CDATA[public void com.telran.tests.elements.ButtonsTests.doubleClickTest()]]>
              </value>
            </param>
            <param index="1">
              <value>
                <![CDATA[[Ljava.lang.Object;@3a4ba480]]>
              </value>
            </param>
          </params>
          <reporter-output>
          </reporter-output>
        </test-method> <!-- startTest -->
        <test-method signature="doubleClickTest()[pri:0, instance:com.telran.tests.elements.ButtonsTests@4d6025c5]" started-at="2022-11-07T11:31:26 CET" name="doubleClickTest" finished-at="2022-11-07T11:31:26 CET" duration-ms="289" status="PASS">
          <reporter-output>
          </reporter-output>
        </test-method> <!-- doubleClickTest -->
        <test-method is-config="true" signature="stopTest(org.testng.ITestResult)[pri:0, instance:com.telran.tests.elements.ButtonsTests@4d6025c5]" started-at="2022-11-07T11:31:26 CET" name="stopTest" finished-at="2022-11-07T11:31:26 CET" duration-ms="1" status="PASS">
          <params>
            <param index="0">
              <value>
                <![CDATA[[TestResult name=doubleClickTest status=SUCCESS method=ButtonsTests.doubleClickTest()[pri:0, instance:com.telran.tests.elements.ButtonsTests@4d6025c5] output={null}]]]>
              </value>
            </param>
          </params>
          <reporter-output>
          </reporter-output>
        </test-method> <!-- stopTest -->
        <test-method is-config="true" signature="tearDown()[pri:0, instance:com.telran.tests.elements.ButtonsTests@4d6025c5]" started-at="2022-11-07T11:31:26 CET" name="tearDown" finished-at="2022-11-07T11:31:27 CET" duration-ms="739" status="PASS">
          <reporter-output>
          </reporter-output>
        </test-method> <!-- tearDown -->
      </class> <!-- com.telran.tests.elements.ButtonsTests -->
    </test> <!-- User -->
  </suite> <!-- User -->
</testng-results>
